2025-09-21 08:53:41 | INSERT project id=24 name=fcgcggzpfdzq
2025-09-21 08:57:54 | DELETE project id=24
2025-09-21 08:58:02 | DELETE project id=24
2025-09-21 09:25:17 | DELETE project id=24
2025-09-21 09:25:24 | DELETE project id=24
2025-09-21 09:25:42 | UPDATE project id=15 name=Profil Arinal Haq Fauziah (Pembicara & Konten Kreator)
2025-09-23 18:47:16 | INSERT project id=26 name=Web Panel
2025-09-23 18:52:39 | INSERT project id=27 name=Youth Ranger
2025-09-23 18:55:26 | INSERT project id=28 name=Dimas Dwi Pangestu (Volunteer & Content Creator)
2025-09-23 18:56:32 | UPDATE project id=15 name=Profil Arinal Haq Fauziah (Pembicara & Konten Kreator)
2025-09-23 18:56:47 | UPDATE project id=14 name=Portofolio Mifthakul Huda
2025-09-23 18:57:01 | UPDATE project id=13 name=Firllian Agna Syahrial – Photographer & Videographer Website
2025-09-23 18:57:20 | UPDATE project id=12 name=Project Development – Coding & Collaboration
2025-09-23 18:57:38 | UPDATE project id=11 name=MHTeams – Creative & Tech Team Website
2025-09-23 18:58:23 | UPDATE project id=10 name=Web UMKM(Audio Mobil)
2025-09-23 18:58:38 | UPDATE project id=9 name=Seafood Exporter(PT. Samudra Ekspor)
2025-09-23 18:58:54 | UPDATE project id=8 name=Web Agensi(ASC Creative Studio
2025-09-23 18:59:38 | UPDATE project id=7 name=Web Travel(ASC Adventure)
2025-09-23 19:00:01 | UPDATE project id=6 name=Web UMKM(halaman menu)
2025-09-23 19:00:09 | UPDATE project id=4 name=Web UMKM(halaman utama)
2025-09-23 19:00:21 | UPDATE project id=4 name=Web UMKM(halaman utama)
